<?xml version="1.0" encoding="UTF-8"?>
<testsuite xmlns:xsi="http://www.w3.org/2001/XMLSchema-instance" xsi:noNamespaceSchemaLocation="https://maven.apache.org/surefire/maven-surefire-plugin/xsd/surefire-test-report-3.0.xsd" version="3.0" name="pe.edu.vallegrande.msvstudents.application.service.StudentServiceTest" time="0.192" tests="11" errors="0" skipped="0" failures="1">
  <properties>
[...]
</properties>
  <testcase name="shouldFindStudentByDocumentNumber" classname="pe.edu.vallegrande.msvstudents.application.service.StudentServiceTest" time="0.04"/>
  <testcase name="shouldFindStudentById" classname="pe.edu.vallegrande.msvstudents.application.service.StudentServiceTest" time="0.01"/>
  <testcase name="shouldThrowExceptionWhenStudentNotFoundById" classname="pe.edu.vallegrande.msvstudents.application.service.StudentServiceTest" time="0.01"/>
  <testcase name="shouldThrowExceptionWhenStudentNotFoundByDocumentNumber" classname="pe.edu.vallegrande.msvstudents.application.service.StudentServiceTest" time="0.008"/>
  <testcase name="shouldCreateStudentSuccessfully" classname="pe.edu.vallegrande.msvstudents.application.service.StudentServiceTest" time="0.009"/>
  <testcase name="shouldThrowExceptionWhenDocumentNumberExists" classname="pe.edu.vallegrande.msvstudents.application.service.StudentServiceTest" time="0.007"/>
  <testcase name="shouldDeleteStudentById" classname="pe.edu.vallegrande.msvstudents.application.service.StudentServiceTest" time="0.005"/>
  <testcase name="shouldGetEnrollmentStats" classname="pe.edu.vallegrande.msvstudents.application.service.StudentServiceTest" time="0.065">
    <failure message="&#10;enrollmentRepository.countByStatus(&#10;    &lt;any string&gt;&#10;);&#10;Wanted 7 times:&#10;-&gt; at pe.edu.vallegrande.msvstudents.application.service.StudentServiceTest.shouldGetEnrollmentStats(StudentServiceTest.java:221)&#10;But was 6 times:&#10;-&gt; at pe.edu.vallegrande.msvstudents.application.service.impl.StudentServiceImpl.getEnrollmentStats(StudentServiceImpl.java:187)&#10;-&gt; at pe.edu.vallegrande.msvstudents.application.service.impl.StudentServiceImpl.getEnrollmentStats(StudentServiceImpl.java:188)&#10;-&gt; at pe.edu.vallegrande.msvstudents.application.service.impl.StudentServiceImpl.getEnrollmentStats(StudentServiceImpl.java:189)&#10;-&gt; at pe.edu.vallegrande.msvstudents.application.service.impl.StudentServiceImpl.getEnrollmentStats(StudentServiceImpl.java:190)&#10;-&gt; at pe.edu.vallegrande.msvstudents.application.service.impl.StudentServiceImpl.getEnrollmentStats(StudentServiceImpl.java:191)&#10;-&gt; at pe.edu.vallegrande.msvstudents.application.service.impl.StudentServiceImpl.getEnrollmentStats(StudentServiceImpl.java:192)&#10;" type="org.mockito.exceptions.verification.TooFewActualInvocations"><![CDATA[org.mockito.exceptions.verification.TooFewActualInvocations: 

enrollmentRepository.countByStatus(
    <any string>
);
Wanted 7 times:
-> at pe.edu.vallegrande.msvstudents.application.service.StudentServiceTest.shouldGetEnrollmentStats(StudentServiceTest.java:221)
But was 6 times:
-> at pe.edu.vallegrande.msvstudents.application.service.impl.StudentServiceImpl.getEnrollmentStats(StudentServiceImpl.java:187)
-> at pe.edu.vallegrande.msvstudents.application.service.impl.StudentServiceImpl.getEnrollmentStats(StudentServiceImpl.java:188)
-> at pe.edu.vallegrande.msvstudents.application.service.impl.StudentServiceImpl.getEnrollmentStats(StudentServiceImpl.java:189)
-> at pe.edu.vallegrande.msvstudents.application.service.impl.StudentServiceImpl.getEnrollmentStats(StudentServiceImpl.java:190)
-> at pe.edu.vallegrande.msvstudents.application.service.impl.StudentServiceImpl.getEnrollmentStats(StudentServiceImpl.java:191)
-> at pe.edu.vallegrande.msvstudents.application.service.impl.StudentServiceImpl.getEnrollmentStats(StudentServiceImpl.java:192)

	at pe.edu.vallegrande.msvstudents.application.service.StudentServiceTest.shouldGetEnrollmentStats(StudentServiceTest.java:221)
	at java.base/jdk.internal.reflect.DirectMethodHandleAccessor.invoke(DirectMethodHandleAccessor.java:103)
	at java.base/java.lang.reflect.Method.invoke(Method.java:580)
	at org.junit.platform.commons.util.ReflectionUtils.invokeMethod(ReflectionUtils.java:727)
	at org.junit.jupiter.engine.execution.MethodInvocation.proceed(MethodInvocation.java:60)
	at org.junit.jupiter.engine.execution.InvocationInterceptorChain$ValidatingInvocation.proceed(InvocationInterceptorChain.java:131)
	at org.junit.jupiter.engine.extension.TimeoutExtension.intercept(TimeoutExtension.java:156)
	at org.junit.jupiter.engine.extension.TimeoutExtension.interceptTestableMethod(TimeoutExtension.java:147)
	at org.junit.jupiter.engine.extension.TimeoutExtension.interceptTestMethod(TimeoutExtension.java:86)
	at org.junit.jupiter.engine.execution.InterceptingExecutableInvoker$ReflectiveInterceptorCall.lambda$ofVoidMethod$0(InterceptingExecutableInvoker.java:103)
	at org.junit.jupiter.engine.execution.InterceptingExecutableInvoker.lambda$invoke$0(InterceptingExecutableInvoker.java:93)
	at org.junit.jupiter.engine.execution.InvocationInterceptorChain$InterceptedInvocation.proceed(InvocationInterceptorChain.java:106)
	at org.junit.jupiter.engine.execution.InvocationInterceptorChain.proceed(InvocationInterceptorChain.java:64)
	at org.junit.jupiter.engine.execution.InvocationInterceptorChain.chainAndInvoke(InvocationInterceptorChain.java:45)
	at org.junit.jupiter.engine.execution.InvocationInterceptorChain.invoke(InvocationInterceptorChain.java:37)
	at org.junit.jupiter.engine.execution.InterceptingExecutableInvoker.invoke(InterceptingExecutableInvoker.java:92)
	at org.junit.jupiter.engine.execution.InterceptingExecutableInvoker.invoke(InterceptingExecutableInvoker.java:86)
	at org.junit.jupiter.engine.descriptor.TestMethodTestDescriptor.lambda$invokeTestMethod$7(TestMethodTestDescriptor.java:217)
	at org.junit.platform.engine.support.hierarchical.ThrowableCollector.execute(ThrowableCollector.java:73)
	at org.junit.jupiter.engine.descriptor.TestMethodTestDescriptor.invokeTestMethod(TestMethodTestDescriptor.java:213)
	at org.junit.jupiter.engine.descriptor.TestMethodTestDescriptor.execute(TestMethodTestDescriptor.java:138)
	at org.junit.jupiter.engine.descriptor.TestMethodTestDescriptor.execute(TestMethodTestDescriptor.java:68)
	at org.junit.platform.engine.support.hierarchical.NodeTestTask.lambda$executeRecursively$6(NodeTestTask.java:151)
	at org.junit.platform.engine.support.hierarchical.ThrowableCollector.execute(ThrowableCollector.java:73)
	at org.junit.platform.engine.support.hierarchical.NodeTestTask.lambda$executeRecursively$8(NodeTestTask.java:141)
	at org.junit.platform.engine.support.hierarchical.Node.around(Node.java:137)
	at org.junit.platform.engine.support.hierarchical.NodeTestTask.lambda$executeRecursively$9(NodeTestTask.java:139)
	at org.junit.platform.engine.support.hierarchical.ThrowableCollector.execute(ThrowableCollector.java:73)
	at org.junit.platform.engine.support.hierarchical.NodeTestTask.executeRecursively(NodeTestTask.java:138)
	at org.junit.platform.engine.support.hierarchical.NodeTestTask.execute(NodeTestTask.java:95)
	at java.base/java.util.ArrayList.forEach(ArrayList.java:1596)
	at org.junit.platform.engine.support.hierarchical.SameThreadHierarchicalTestExecutorService.invokeAll(SameThreadHierarchicalTestExecutorService.java:41)
	at org.junit.platform.engine.support.hierarchical.NodeTestTask.lambda$executeRecursively$6(NodeTestTask.java:155)
	at org.junit.platform.engine.support.hierarchical.ThrowableCollector.execute(ThrowableCollector.java:73)
	at org.junit.platform.engine.support.hierarchical.NodeTestTask.lambda$executeRecursively$8(NodeTestTask.java:141)
	at org.junit.platform.engine.support.hierarchical.Node.around(Node.java:137)
	at org.junit.platform.engine.support.hierarchical.NodeTestTask.lambda$executeRecursively$9(NodeTestTask.java:139)
	at org.junit.platform.engine.support.hierarchical.ThrowableCollector.execute(ThrowableCollector.java:73)
	at org.junit.platform.engine.support.hierarchical.NodeTestTask.executeRecursively(NodeTestTask.java:138)
	at org.junit.platform.engine.support.hierarchical.NodeTestTask.execute(NodeTestTask.java:95)
	at java.base/java.util.ArrayList.forEach(ArrayList.java:1596)
	at org.junit.platform.engine.support.hierarchical.SameThreadHierarchicalTestExecutorService.invokeAll(SameThreadHierarchicalTestExecutorService.java:41)
	at org.junit.platform.engine.support.hierarchical.NodeTestTask.lambda$executeRecursively$6(NodeTestTask.java:155)
	at org.junit.platform.engine.support.hierarchical.ThrowableCollector.execute(ThrowableCollector.java:73)
	at org.junit.platform.engine.support.hierarchical.NodeTestTask.lambda$executeRecursively$8(NodeTestTask.java:141)
	at org.junit.platform.engine.support.hierarchical.Node.around(Node.java:137)
	at org.junit.platform.engine.support.hierarchical.NodeTestTask.lambda$executeRecursively$9(NodeTestTask.java:139)
	at org.junit.platform.engine.support.hierarchical.ThrowableCollector.execute(ThrowableCollector.java:73)
	at org.junit.platform.engine.support.hierarchical.NodeTestTask.executeRecursively(NodeTestTask.java:138)
	at org.junit.platform.engine.support.hierarchical.NodeTestTask.execute(NodeTestTask.java:95)
	at org.junit.platform.engine.support.hierarchical.SameThreadHierarchicalTestExecutorService.submit(SameThreadHierarchicalTestExecutorService.java:35)
	at org.junit.platform.engine.support.hierarchical.HierarchicalTestExecutor.execute(HierarchicalTestExecutor.java:57)
	at org.junit.platform.engine.support.hierarchical.HierarchicalTestEngine.execute(HierarchicalTestEngine.java:54)
	at org.junit.platform.launcher.core.EngineExecutionOrchestrator.execute(EngineExecutionOrchestrator.java:147)
	at org.junit.platform.launcher.core.EngineExecutionOrchestrator.execute(EngineExecutionOrchestrator.java:127)
	at org.junit.platform.launcher.core.EngineExecutionOrchestrator.execute(EngineExecutionOrchestrator.java:90)
	at org.junit.platform.launcher.core.EngineExecutionOrchestrator.lambda$execute$0(EngineExecutionOrchestrator.java:55)
	at org.junit.platform.launcher.core.EngineExecutionOrchestrator.withInterceptedStreams(EngineExecutionOrchestrator.java:102)
	at org.junit.platform.launcher.core.EngineExecutionOrchestrator.execute(EngineExecutionOrchestrator.java:54)
	at org.junit.platform.launcher.core.DefaultLauncher.execute(DefaultLauncher.java:114)
	at org.junit.platform.launcher.core.DefaultLauncher.execute(DefaultLauncher.java:86)
	at org.junit.platform.launcher.core.DefaultLauncherSession$DelegatingLauncher.execute(DefaultLauncherSession.java:86)
	at org.apache.maven.surefire.junitplatform.LazyLauncher.execute(LazyLauncher.java:56)
	at org.apache.maven.surefire.junitplatform.JUnitPlatformProvider.execute(JUnitPlatformProvider.java:184)
	at org.apache.maven.surefire.junitplatform.JUnitPlatformProvider.invokeAllTests(JUnitPlatformProvider.java:148)
	at org.apache.maven.surefire.junitplatform.JUnitPlatformProvider.invoke(JUnitPlatformProvider.java:122)
	at org.apache.maven.surefire.booter.ForkedBooter.runSuitesInProcess(ForkedBooter.java:385)
	at org.apache.maven.surefire.booter.ForkedBooter.execute(ForkedBooter.java:162)
	at org.apache.maven.surefire.booter.ForkedBooter.run(ForkedBooter.java:507)
	at org.apache.maven.surefire.booter.ForkedBooter.main(ForkedBooter.java:495)
]]></failure>
  </testcase>
  <testcase name="shouldRestoreInactiveStudent" classname="pe.edu.vallegrande.msvstudents.application.service.StudentServiceTest" time="0.006"/>
  <testcase name="shouldFindStudentsOrderedByCreatedAt" classname="pe.edu.vallegrande.msvstudents.application.service.StudentServiceTest" time="0.005"/>
  <testcase name="shouldFindAllStudents" classname="pe.edu.vallegrande.msvstudents.application.service.StudentServiceTest" time="0.004"/>
</testsuite>